build/app/outputs/mapping/release/mapping.txt
# compiler: R8
# compiler_version: 1.5.64
# min_api: 16
# pg_map_id: 34f36e8
com.yoega.yoega.MainActivity -> com.yoega.yoega.MainActivity:
    void configureFlutterEngine(io.flutter.embedding.engine.FlutterEngine) -> b
...
com.google.firebase.auth.api.internal.zzbc -> com.google.firebase.auth.k0.a.m:
    com.google.android.gms.internal.firebase_auth.zzcf zza -> y
    void zze() -> a
    java.lang.String zza() -> f
    com.google.android.gms.common.api.internal.TaskApiCall zzb() -> g
com.google.firebase.auth.api.internal.zzbd -> com.google.firebase.auth.k0.a.n:
    com.google.firebase.auth.api.internal.zzbe zza -> a
    void accept(java.lang.Object,java.lang.Object) -> a
com.google.firebase.auth.api.internal.zzbe -> com.google.firebase.auth.k0.a.o:
    void zze() -> a
    java.lang.String zza() -> f
    com.google.android.gms.common.api.internal.TaskApiCall zzb() -> g
com.google.firebase.auth.api.internal.zzbf -> com.google.firebase.auth.k0.a.p:
    com.google.firebase.auth.api.internal.zzbg zza -> a
    void accept(java.lang.Object,java.lang.Object) -> a
com.google.firebase.auth.api.internal.zzbg -> com.google.firebase.auth.k0.a.q:
    com.google.android.gms.internal.firebase_auth.zzcp zza -> y
    void zza(com.google.firebase.auth.api.internal.zzdt,com.google.android.gms.tasks.TaskCompletionSource) -> a
    void zze() -> a
    java.lang.String zza() -> f
    com.google.android.gms.common.api.internal.TaskApiCall zzb() -> g
com.google.firebase.auth.api.internal.zzbh -> com.google.firebase.auth.k0.a.r:
    com.google.firebase.auth.api.internal.zzbi zza -> a
    void accept(java.lang.Object,java.lang.Object) -> a
com.google.firebase.auth.api.internal.zzbi -> com.google.firebase.auth.k0.a.s:
    com.google.android.gms.internal.firebase_auth.zzcn zza -> y
    void zza(com.google.firebase.auth.api.internal.zzdt,com.google.android.gms.tasks.TaskCompletionSource) -> a
    void zze() -> a
    java.lang.String zza() -> f
    com.google.android.gms.common.api.internal.TaskApiCall zzb() -> g
com.google.firebase.auth.api.internal.zzbj -> com.google.firebase.auth.k0.a.t:
    com.google.firebase.auth.api.internal.zzbk zza -> a
    void accept(java.lang.Object,java.lang.Object) -> a
com.google.firebase.auth.api.internal.zzbk -> com.google.firebase.auth.k0.a.u:
    com.google.firebase.auth.EmailAuthCredential zza -> y
    void zza(com.google.firebase.auth.api.internal.zzdt,com.google.android.gms.tasks.TaskCompletionSource) -> a
    void zze() -> a
    java.lang.String zza() -> f
    com.google.android.gms.common.api.internal.TaskApiCall zzb() -> g
com.google.firebase.auth.api.internal.zzbl -> com.google.firebase.auth.k0.a.v:
    com.google.firebase.auth.api.internal.zzbm zza -> a
    void accept(java.lang.Object,java.lang.Object) -> a
com.google.firebase.auth.api.internal.zzbm -> com.google.firebase.auth.k0.a.w:
    com.google.android.gms.internal.firebase_auth.zzfy zza -> y
    void zza(com.google.firebase.auth.api.internal.zzdt,com.google.android.gms.tasks.TaskCompletionSource) -> a
    void zze() -> a
    java.lang.String zza() -> f
    com.google.android.gms.common.api.internal.TaskApiCall zzb() -> g
com.google.firebase.auth.api.internal.zzbn -> com.google.firebase.auth.k0.a.x:
    com.google.firebase.auth.api.internal.zzbo zza -> a
    void accept(java.lang.Object,java.lang.Object) -> a
com.google.firebase.auth.api.internal.zzbo -> com.google.firebase.auth.k0.a.y:
    com.google.firebase.auth.PhoneAuthCredential zza -> y
    void zza(com.google.firebase.auth.api.internal.zzdt,com.google.android.gms.tasks.TaskCompletionSource) -> a
    void zze() -> a
    java.lang.String zza() -> f
    com.google.android.gms.common.api.internal.TaskApiCall zzb() -> g
com.google.firebase.auth.api.internal.zzbp -> com.google.firebase.auth.k0.a.z:
    com.google.firebase.auth.api.internal.zzbq zza -> a
    void accept(java.lang.Object,java.lang.Object) -> a